2024-04-24 02:47:37,656 ma_mapper INFO start logging, test
2024-04-24 03:00:11,467 ma_mapper INFO start logging, test
2024-04-24 03:02:39,699 ma_mapper INFO parse alignment
2024-04-24 03:03:18,125 ma_mapper INFO parse alignment
2024-04-24 03:03:31,506 ma_mapper INFO parse alignment
2024-04-24 05:57:14,922 ma_mapper INFO parse alignment
2024-04-24 07:36:27,558 ma_mapper INFO parse alignment
2024-04-24 07:39:36,834 ma_mapper INFO parse alignment
2024-04-25 04:28:22,587 ma_mapper INFO parse alignment
2024-04-25 05:55:39,323 ma_mapper INFO parse alignment
2024-04-25 10:20:17,632 ma_mapper INFO parse alignment
2024-04-25 20:57:47,716 ma_mapper INFO parse alignment
2024-04-25 20:59:40,844 ma_mapper INFO parse alignment
2024-04-25 20:59:53,145 ma_mapper INFO parse alignment
2024-04-26 02:27:40,010 ma_mapper INFO parse alignment
2024-04-26 02:29:56,991 ma_mapper INFO parse alignment
2024-04-26 02:32:35,331 ma_mapper INFO parse alignment
2024-04-26 02:34:39,582 ma_mapper INFO parse alignment
2024-04-26 02:36:33,394 ma_mapper INFO parse alignment
2024-04-26 02:47:20,678 ma_mapper INFO parse alignment
2024-04-26 02:48:08,267 ma_mapper INFO parse alignment
2024-04-26 02:54:04,571 ma_mapper INFO parse alignment
2024-04-26 02:58:51,969 ma_mapper INFO parse alignment
2024-04-26 02:58:55,211 ma_mapper INFO parse alignment
2024-04-26 03:03:19,570 ma_mapper INFO parse alignment
2024-04-26 03:06:30,859 ma_mapper INFO parse alignment
2024-04-26 04:24:15,014 ma_mapper INFO parse alignment
2024-04-26 04:25:33,025 ma_mapper INFO parse alignment
2024-04-26 04:34:20,084 ma_mapper INFO parse alignment
2024-04-26 04:34:35,689 ma_mapper INFO parse alignment
2024-04-26 04:40:46,081 ma_mapper INFO parse alignment
2024-04-26 04:40:46,309 ma_mapper INFO parse alignment
2024-04-26 04:42:08,396 ma_mapper INFO parse alignment
2024-04-26 04:42:21,841 ma_mapper INFO parse alignment
2024-04-26 04:43:56,971 ma_mapper INFO parse alignment
2024-04-26 04:44:10,944 ma_mapper INFO parse alignment
2024-04-26 04:45:39,242 ma_mapper INFO parse alignment
2024-04-26 04:46:15,341 ma_mapper INFO parse alignment
2024-04-26 04:49:10,019 ma_mapper INFO parse alignment
2024-04-26 04:49:10,249 ma_mapper INFO parse alignment
2024-04-26 05:00:09,945 ma_mapper INFO parse alignment
2024-04-26 05:03:36,657 ma_mapper INFO parse alignment
2024-04-26 05:12:43,508 ma_mapper INFO parse alignment
2024-04-26 05:13:06,276 ma_mapper INFO parse alignment
2024-04-26 05:16:25,282 ma_mapper INFO parse alignment
2024-04-26 05:23:18,875 ma_mapper INFO parse alignment
2024-04-26 05:25:31,358 ma_mapper INFO parse alignment
2024-04-26 05:26:44,739 ma_mapper INFO parse alignment
2024-04-26 05:27:50,509 ma_mapper INFO parse alignment
2024-04-26 05:30:38,947 ma_mapper INFO parse alignment
2024-04-26 05:38:54,142 ma_mapper INFO parse alignment
2024-04-26 05:41:58,660 ma_mapper INFO parse alignment
2024-04-26 05:48:43,229 ma_mapper INFO parse alignment
2024-04-26 05:55:49,288 ma_mapper INFO parse alignment
2024-04-26 05:56:11,594 ma_mapper INFO parse alignment
2024-04-26 06:01:09,293 ma_mapper INFO parse alignment
2024-04-26 06:01:27,866 ma_mapper INFO parse alignment
2024-04-26 06:08:27,404 ma_mapper INFO parse alignment
2024-04-26 06:11:02,224 ma_mapper INFO parse alignment
2024-04-26 06:12:25,177 ma_mapper INFO parse alignment
2024-04-26 06:13:06,544 ma_mapper INFO parse alignment
2024-04-26 06:16:30,078 ma_mapper INFO parse alignment
2024-04-26 06:17:16,076 ma_mapper INFO parse alignment
2024-04-26 06:18:06,453 ma_mapper INFO parse alignment
2024-04-26 06:18:06,833 ma_mapper INFO parse alignment
2024-04-26 06:19:58,789 ma_mapper INFO parse alignment
2024-04-26 06:20:47,771 ma_mapper INFO parse alignment
2024-04-26 06:21:06,119 ma_mapper INFO parse alignment
2024-04-26 06:21:57,147 ma_mapper INFO parse alignment
2024-04-26 06:21:57,370 ma_mapper INFO parse alignment
2024-04-29 04:49:48,093 ma_mapper INFO parse alignment
2024-04-29 04:59:53,433 ma_mapper INFO parse alignment
2024-04-29 05:00:49,701 ma_mapper INFO parse alignment
2024-04-30 00:25:18,073 ma_mapper INFO parse alignment
2024-04-30 00:26:56,784 ma_mapper INFO parse alignment
2024-04-30 00:51:08,954 ma_mapper INFO parse alignment
2024-04-30 00:51:30,185 ma_mapper INFO parse alignment
2024-04-30 00:52:25,256 ma_mapper INFO parse alignment
2024-04-30 00:52:38,992 ma_mapper INFO parse alignment
2024-04-30 00:55:29,200 ma_mapper INFO parse alignment
2024-04-30 00:55:41,395 ma_mapper INFO parse alignment
2024-04-30 01:46:45,307 ma_mapper INFO parse alignment
2024-04-30 01:46:59,040 ma_mapper INFO parse alignment
2024-04-30 01:58:05,446 ma_mapper INFO parse alignment
2024-04-30 01:58:23,530 ma_mapper INFO parse alignment
2024-04-30 01:58:54,811 ma_mapper INFO parse alignment
2024-04-30 02:02:14,139 ma_mapper INFO parse alignment
2024-04-30 02:09:48,371 ma_mapper INFO parse alignment
2024-04-30 02:10:01,667 ma_mapper INFO parse alignment
2024-04-30 02:10:46,287 ma_mapper INFO parse alignment
2024-04-30 02:11:36,019 ma_mapper INFO parse alignment
2024-04-30 02:11:50,538 ma_mapper INFO parse alignment
2024-04-30 02:13:22,224 ma_mapper INFO parse alignment
2024-04-30 02:14:02,756 ma_mapper INFO parse alignment
2024-04-30 02:15:56,173 ma_mapper INFO parse alignment
2024-04-30 02:16:08,466 ma_mapper INFO parse alignment
2024-04-30 02:16:29,584 ma_mapper INFO done, returning mapped bam as a list. format: bam_forward
2024-04-30 02:29:49,754 ma_mapper INFO parse alignment
2024-04-30 02:30:07,778 ma_mapper INFO parse alignment
2024-04-30 02:32:35,829 ma_mapper INFO parse alignment
2024-04-30 02:32:51,989 ma_mapper INFO parse alignment
2024-04-30 02:33:19,308 ma_mapper INFO done, returning mapped bam as a list. format: bam_forward
2024-04-30 02:36:09,360 ma_mapper INFO parse alignment
2024-04-30 02:36:28,304 ma_mapper INFO parse alignment
2024-04-30 02:36:43,481 ma_mapper INFO done, returning mapped bam as a list. format: bam_forward
2024-04-30 02:37:49,479 ma_mapper INFO parse alignment
2024-04-30 02:38:01,728 ma_mapper INFO parse alignment
2024-04-30 02:38:16,709 ma_mapper INFO done, returning mapped bam as a list. format: bam_forward
2024-04-30 02:40:04,775 ma_mapper INFO parse alignment
2024-04-30 02:40:19,853 ma_mapper INFO done, returning mapped bam as a list. format: bam_forward
2024-04-30 02:40:32,877 ma_mapper INFO parse alignment
2024-04-30 02:40:47,914 ma_mapper INFO done, returning mapped bam as a list. format: bam_reverse
2024-04-30 02:59:15,983 ma_mapper INFO parse alignment
2024-04-30 03:00:37,383 ma_mapper INFO parse alignment
2024-04-30 03:01:01,857 ma_mapper INFO done, returning mapped bam as a list. format: bam_forward
2024-04-30 03:01:03,807 ma_mapper INFO parse alignment
2024-04-30 03:01:20,335 ma_mapper INFO done, returning mapped bam as a list. format: bam_reverse
2024-04-30 03:18:51,225 ma_mapper INFO parse alignment
2024-04-30 03:19:05,598 ma_mapper INFO parse alignment
2024-04-30 03:19:27,520 ma_mapper INFO done, returning mapped bam as a list. format: bam_forward
2024-04-30 03:19:29,237 ma_mapper INFO parse alignment
2024-04-30 03:19:44,521 ma_mapper INFO done, returning mapped bam as a list. format: bam_reverse
2024-04-30 03:38:49,213 ma_mapper INFO parse alignment
2024-04-30 03:39:41,619 ma_mapper INFO parse alignment
2024-04-30 03:40:04,596 ma_mapper INFO done, returning mapped bam as a list. format: bam_forward
2024-04-30 03:41:05,203 ma_mapper INFO parse alignment
2024-04-30 03:41:52,871 ma_mapper INFO done, returning mapped bam as a list. format: bam_reverse
2024-04-30 03:45:04,540 ma_mapper INFO parse alignment
2024-04-30 03:45:21,183 ma_mapper INFO parse alignment
2024-04-30 03:45:44,830 ma_mapper INFO done, returning mapped bam as a list. format: bam_forward
2024-04-30 03:45:47,817 ma_mapper INFO parse alignment
2024-04-30 03:46:06,588 ma_mapper INFO done, returning mapped bam as a list. format: bam_reverse
2024-04-30 03:51:09,218 ma_mapper INFO parse alignment
2024-04-30 03:53:14,416 ma_mapper INFO parse alignment
2024-04-30 03:53:37,387 ma_mapper INFO done, returning mapped bam as a list. format: bam_forward
2024-04-30 03:54:01,915 ma_mapper INFO parse alignment
2024-04-30 03:54:33,150 ma_mapper INFO done, returning mapped bam as a list. format: bam_reverse
2024-04-30 08:28:24,777 ma_mapper INFO parse alignment
2024-04-30 08:28:38,576 ma_mapper INFO parse alignment
2024-04-30 08:28:58,879 ma_mapper INFO done, returning mapped bam as a list. format: bam_forward
2024-04-30 08:29:00,601 ma_mapper INFO parse alignment
2024-04-30 08:29:15,817 ma_mapper INFO done, returning mapped bam as a list. format: bam_reverse
2024-04-30 08:33:43,740 ma_mapper INFO parse alignment
2024-04-30 08:33:56,580 ma_mapper INFO parse alignment
2024-04-30 08:34:11,814 ma_mapper INFO done, returning mapped bam as a list. format: bam_forward
2024-04-30 08:34:13,495 ma_mapper INFO parse alignment
2024-04-30 08:34:28,728 ma_mapper INFO done, returning mapped bam as a list. format: bam_reverse
2024-04-30 08:36:28,059 ma_mapper INFO parse alignment
2024-04-30 08:36:42,616 ma_mapper INFO parse alignment
2024-04-30 08:36:55,492 ma_mapper INFO parse alignment
2024-04-30 08:37:10,569 ma_mapper INFO done, returning mapped bam as a list. format: bam_forward
2024-04-30 08:37:12,257 ma_mapper INFO parse alignment
2024-04-30 08:37:27,306 ma_mapper INFO done, returning mapped bam as a list. format: bam_reverse
2024-04-30 15:52:41,975 ma_mapper INFO parse alignment
2024-04-30 15:52:55,846 ma_mapper INFO parse alignment
2024-04-30 15:53:17,465 ma_mapper INFO done, returning mapped bam as a list. format: bam_forward
2024-04-30 15:53:19,179 ma_mapper INFO parse alignment
2024-04-30 15:53:34,471 ma_mapper INFO done, returning mapped bam as a list. format: bam_reverse
2024-04-30 16:03:17,830 ma_mapper INFO parse alignment
2024-04-30 16:03:30,927 ma_mapper INFO parse alignment
2024-04-30 16:03:46,229 ma_mapper INFO done, returning mapped bam as a list. format: bam_forward
2024-04-30 16:03:47,946 ma_mapper INFO parse alignment
2024-04-30 16:04:03,314 ma_mapper INFO done, returning mapped bam as a list. format: bam_reverse
2024-04-30 16:15:15,111 ma_mapper INFO parse alignment
2024-04-30 16:15:27,670 ma_mapper INFO parse alignment
2024-04-30 16:15:43,380 ma_mapper INFO done, returning mapped bam as a list. format: bam_forward
2024-04-30 16:15:45,137 ma_mapper INFO parse alignment
2024-04-30 16:16:00,188 ma_mapper INFO done, returning mapped bam as a list. format: bam_reverse
2024-04-30 16:18:55,403 ma_mapper INFO parse alignment
2024-04-30 16:19:07,737 ma_mapper INFO parse alignment
2024-04-30 16:19:22,953 ma_mapper INFO done, returning mapped bam as a list. format: bam_forward
2024-04-30 16:19:24,652 ma_mapper INFO parse alignment
2024-04-30 16:19:39,832 ma_mapper INFO done, returning mapped bam as a list. format: bam_reverse
2024-04-30 17:01:04,935 ma_mapper INFO parse alignment
2024-04-30 17:01:17,770 ma_mapper INFO parse alignment
2024-04-30 17:01:34,489 ma_mapper INFO done, returning mapped bam as a list. format: bam_forward
2024-04-30 17:01:36,180 ma_mapper INFO parse alignment
2024-04-30 17:01:51,427 ma_mapper INFO done, returning mapped bam as a list. format: bam_reverse
2024-04-30 17:02:43,108 ma_mapper INFO parse alignment
2024-04-30 17:02:55,240 ma_mapper INFO parse alignment
2024-04-30 17:03:10,301 ma_mapper INFO done, returning mapped bam as a list. format: bam_forward
2024-04-30 17:03:11,976 ma_mapper INFO parse alignment
2024-04-30 17:03:27,054 ma_mapper INFO done, returning mapped bam as a list. format: bam_reverse
2024-04-30 17:04:28,741 ma_mapper INFO parse alignment
2024-04-30 17:04:41,011 ma_mapper INFO parse alignment
2024-04-30 17:04:56,120 ma_mapper INFO done, returning mapped bam as a list. format: bam_forward
2024-04-30 17:04:57,825 ma_mapper INFO parse alignment
2024-04-30 17:05:12,976 ma_mapper INFO done, returning mapped bam as a list. format: bam_reverse
2024-04-30 17:08:11,945 ma_mapper INFO parse alignment
2024-04-30 17:08:24,392 ma_mapper INFO parse alignment
2024-04-30 17:08:39,986 ma_mapper INFO done, returning mapped bam as a list. format: bam_forward
2024-04-30 17:08:43,670 ma_mapper INFO parse alignment
2024-04-30 17:08:58,938 ma_mapper INFO done, returning mapped bam as a list. format: bam_reverse
2024-04-30 17:16:59,714 ma_mapper INFO parse alignment
2024-04-30 17:17:11,881 ma_mapper INFO parse alignment
2024-04-30 17:17:27,027 ma_mapper INFO done, returning mapped bam as a list. format: bam_forward
2024-04-30 17:17:28,707 ma_mapper INFO parse alignment
2024-04-30 17:17:44,013 ma_mapper INFO done, returning mapped bam as a list. format: bam_reverse
2024-04-30 17:20:21,085 ma_mapper INFO parse alignment
2024-04-30 17:20:33,693 ma_mapper INFO parse alignment
2024-04-30 17:20:48,734 ma_mapper INFO done, returning mapped bam as a list. format: bam_forward
2024-04-30 17:20:52,428 ma_mapper INFO parse alignment
2024-04-30 17:21:07,445 ma_mapper INFO done, returning mapped bam as a list. format: bam_reverse
2024-04-30 17:25:45,157 ma_mapper INFO parse alignment
2024-04-30 17:26:05,377 ma_mapper INFO parse alignment
2024-04-30 17:26:20,532 ma_mapper INFO done, returning mapped bam as a list. format: bam_forward
2024-04-30 17:26:22,647 ma_mapper INFO parse alignment
2024-04-30 17:26:37,846 ma_mapper INFO done, returning mapped bam as a list. format: bam_reverse
2024-04-30 17:34:05,314 ma_mapper INFO parse alignment
2024-04-30 17:34:17,528 ma_mapper INFO parse alignment
2024-04-30 17:34:32,531 ma_mapper INFO done, returning mapped bam as a list. format: bam_forward
2024-04-30 17:34:34,366 ma_mapper INFO parse alignment
2024-04-30 17:34:49,400 ma_mapper INFO done, returning mapped bam as a list. format: bam_reverse
2024-04-30 17:39:01,745 ma_mapper INFO parse alignment
2024-04-30 17:39:13,960 ma_mapper INFO parse alignment
2024-04-30 17:39:29,754 ma_mapper INFO done, returning mapped bam as a list. format: bam_forward
2024-04-30 17:39:33,332 ma_mapper INFO parse alignment
2024-04-30 17:39:48,419 ma_mapper INFO done, returning mapped bam as a list. format: bam_reverse
2024-05-01 22:09:20,224 ma_mapper INFO parse alignment
2024-05-01 22:10:14,889 ma_mapper INFO parse alignment
2024-05-01 22:10:48,338 ma_mapper INFO done, returning mapped bam as a list. format: bam_forward
2024-05-01 22:10:50,108 ma_mapper INFO parse alignment
2024-05-01 22:11:05,877 ma_mapper INFO done, returning mapped bam as a list. format: bam_reverse
2024-05-01 23:26:06,390 ma_mapper INFO parse alignment
2024-05-01 23:26:31,617 ma_mapper INFO parse alignment
2024-05-02 00:02:52,411 ma_mapper INFO parse alignment
2024-05-02 00:03:16,018 ma_mapper INFO parse alignment
2024-05-02 00:03:43,687 ma_mapper INFO done, returning mapped bam as a list. format: bam_forward
2024-05-02 00:03:48,583 ma_mapper INFO parse alignment
2024-05-02 00:04:18,445 ma_mapper INFO done, returning mapped bam as a list. format: bam_reverse
2024-05-02 00:05:37,073 ma_mapper INFO parse alignment
2024-05-02 00:05:56,062 ma_mapper INFO parse alignment
2024-05-02 00:06:18,222 ma_mapper INFO done, returning mapped bam as a list. format: bam_forward
2024-05-02 00:06:20,250 ma_mapper INFO parse alignment
2024-05-02 00:06:43,467 ma_mapper INFO done, returning mapped bam as a list. format: bam_reverse
2024-05-02 00:08:05,639 ma_mapper INFO parse alignment
2024-05-02 00:08:29,123 ma_mapper INFO parse alignment
2024-05-02 00:09:38,968 ma_mapper INFO parse alignment
2024-05-02 00:10:03,769 ma_mapper INFO parse alignment
2024-05-02 00:14:49,206 ma_mapper INFO parse alignment
2024-05-02 00:15:12,602 ma_mapper INFO parse alignment
2024-05-02 00:36:18,255 ma_mapper INFO parse alignment
2024-05-02 00:36:32,372 ma_mapper INFO parse alignment
2024-05-02 00:46:57,449 ma_mapper INFO parse alignment
2024-05-02 00:47:12,935 ma_mapper INFO parse alignment
2024-05-02 00:47:36,298 ma_mapper INFO done, returning mapped bam as a list. format: bam_forward
2024-05-02 00:47:38,322 ma_mapper INFO parse alignment
2024-05-02 00:47:59,338 ma_mapper INFO done, returning mapped bam as a list. format: bam_reverse
2024-05-02 00:48:01,462 ma_mapper INFO parse alignment
2024-05-02 03:29:23,867 ma_mapper INFO parse alignment
2024-05-02 03:29:37,435 ma_mapper INFO parse alignment
2024-05-02 03:29:58,374 ma_mapper INFO done, returning mapped bam as a list. format: bam_forward
2024-05-02 03:30:00,024 ma_mapper INFO parse alignment
2024-05-02 03:30:15,217 ma_mapper INFO done, returning mapped bam as a list. format: bam_reverse
2024-05-02 03:30:16,897 ma_mapper INFO parse alignment
2024-05-02 03:59:42,296 ma_mapper INFO parse alignment
2024-05-02 03:59:57,636 ma_mapper INFO done, returning mapped bam as a list. format: bam_forward
2024-05-02 03:59:59,296 ma_mapper INFO parse alignment
2024-05-02 04:00:14,558 ma_mapper INFO done, returning mapped bam as a list. format: bam_reverse
2024-05-02 04:00:16,223 ma_mapper INFO parse alignment
2024-05-02 04:00:31,493 ma_mapper INFO done, returning mapped bam as a list. format: bam_min
2024-05-02 04:39:24,881 ma_mapper INFO parse alignment
2024-05-02 04:39:38,745 ma_mapper INFO parse alignment
2024-05-02 04:39:55,520 ma_mapper INFO done, returning mapped bam as a list. format: bam_forward
2024-05-02 04:39:57,320 ma_mapper INFO parse alignment
2024-05-02 04:40:13,382 ma_mapper INFO done, returning mapped bam as a list. format: bam_reverse
2024-05-02 04:40:15,044 ma_mapper INFO parse alignment
2024-05-02 04:40:30,483 ma_mapper INFO done, returning mapped bam as a list. format: bam_min
2024-05-02 04:40:32,228 ma_mapper INFO parse alignment
2024-05-02 04:57:11,815 ma_mapper INFO parse alignment
2024-05-02 04:57:25,422 ma_mapper INFO parse alignment
2024-05-02 04:57:40,598 ma_mapper INFO done, returning mapped bam as a list. format: bam_forward
2024-05-02 04:57:42,213 ma_mapper INFO parse alignment
2024-05-02 04:57:57,238 ma_mapper INFO done, returning mapped bam as a list. format: bam_reverse
2024-05-02 04:57:58,849 ma_mapper INFO parse alignment
2024-05-02 04:58:13,911 ma_mapper INFO done, returning mapped bam as a list. format: bam_min
2024-05-02 04:58:15,582 ma_mapper INFO parse alignment
2024-05-02 22:10:22,784 ma_mapper INFO parse alignment
2024-05-02 22:10:38,151 ma_mapper INFO parse alignment
2024-05-02 22:11:00,103 ma_mapper INFO done, returning mapped bam as a list. format: bam_forward
2024-05-02 22:11:01,825 ma_mapper INFO parse alignment
2024-05-02 22:11:17,590 ma_mapper INFO done, returning mapped bam as a list. format: bam_reverse
2024-05-02 22:11:19,303 ma_mapper INFO parse alignment
2024-05-02 22:11:34,964 ma_mapper INFO done, returning mapped bam as a list. format: bam_min
2024-05-02 22:11:36,729 ma_mapper INFO parse alignment
2024-05-02 23:53:05,979 ma_mapper INFO parse alignment
2024-05-02 23:53:37,353 ma_mapper INFO parse alignment
2024-05-02 23:53:56,157 ma_mapper INFO parse alignment
2024-05-02 23:54:09,455 ma_mapper INFO parse alignment
2024-05-02 23:54:29,750 ma_mapper INFO done, returning mapped bam as a list. format: bam_forward
2024-05-02 23:54:31,434 ma_mapper INFO parse alignment
2024-05-02 23:54:46,599 ma_mapper INFO done, returning mapped bam as a list. format: bam_reverse
2024-05-02 23:54:48,247 ma_mapper INFO parse alignment
2024-05-02 23:55:03,403 ma_mapper INFO done, returning mapped bam as a list. format: bam_min
2024-05-02 23:55:05,118 ma_mapper INFO parse alignment
2024-05-02 23:56:42,630 ma_mapper INFO parse alignment
2024-05-02 23:56:55,953 ma_mapper INFO parse alignment
2024-05-02 23:57:11,205 ma_mapper INFO done, returning mapped bam as a list. format: bam_forward
2024-05-02 23:57:12,859 ma_mapper INFO parse alignment
2024-05-02 23:57:28,143 ma_mapper INFO done, returning mapped bam as a list. format: bam_reverse
2024-05-02 23:57:29,790 ma_mapper INFO parse alignment
2024-05-02 23:57:45,061 ma_mapper INFO done, returning mapped bam as a list. format: bam_min
2024-05-02 23:57:46,760 ma_mapper INFO parse alignment
2024-05-03 00:54:05,196 ma_mapper INFO parse alignment
2024-05-03 00:54:17,591 ma_mapper INFO parse alignment
2024-05-03 00:55:32,673 ma_mapper INFO parse alignment
2024-05-03 00:55:44,998 ma_mapper INFO parse alignment
2024-05-03 00:55:50,360 ma_mapper INFO extract from bam file: /home/pc575/rds/rds-mi339-kzfps/users/pakkanan/_housekeeping/data/tfbs_homer/AP-1(bZIP).bed
2024-05-03 01:00:31,741 ma_mapper INFO parse alignment
2024-05-03 01:00:44,367 ma_mapper INFO parse alignment
2024-05-03 01:00:49,726 ma_mapper INFO extract from bam file: /home/pc575/rds/rds-mi339-kzfps/users/pakkanan/_housekeeping/data/tfbs_homer/AP-1(bZIP).bed
2024-05-03 01:08:51,983 ma_mapper INFO parse alignment
2024-05-03 01:50:38,118 ma_mapper INFO parse alignment
2024-05-03 01:50:50,865 ma_mapper INFO parse alignment
2024-05-03 01:50:56,256 ma_mapper INFO extract from bam file: /home/pc575/rds/rds-mi339-kzfps/users/pakkanan/_housekeeping/data/tfbs_homer/AP-1(bZIP).bed
2024-05-03 01:55:31,631 ma_mapper INFO parse alignment
2024-05-03 01:55:44,342 ma_mapper INFO parse alignment
2024-05-03 01:55:49,748 ma_mapper INFO extract from bam file: /home/pc575/rds/rds-mi339-kzfps/users/pakkanan/_housekeeping/data/tfbs_homer/AP-1(bZIP).bed
2024-05-03 01:56:10,412 ma_mapper INFO done, returning bed_out as object
2024-05-03 02:04:44,155 ma_mapper INFO parse alignment
2024-05-03 02:04:49,358 ma_mapper INFO extract from bam file: /home/pc575/rds/rds-mi339-kzfps/users/pakkanan/_housekeeping/data/tfbs_homer/NFkB-p65.bed
2024-05-03 02:05:09,667 ma_mapper INFO done, returning bed_out as object
2024-05-03 02:21:12,136 ma_mapper INFO parse alignment
2024-05-03 02:21:17,436 ma_mapper INFO extract from bam file: /home/pc575/rds/rds-mi339-kzfps/users/pakkanan/_housekeeping/data/tfbs_homer/BMAL1.bed
2024-05-03 02:21:44,635 ma_mapper INFO done, returning bed_out as object
2024-05-03 02:21:46,490 ma_mapper INFO parse alignment
2024-05-03 02:21:51,784 ma_mapper INFO extract from bam file: /home/pc575/rds/rds-mi339-kzfps/users/pakkanan/_housekeeping/data/tfbs_homer/CLOCK.bed
2024-05-03 02:22:12,814 ma_mapper INFO done, returning bed_out as object
2024-05-03 02:37:54,301 ma_mapper INFO parse alignment
2024-05-03 02:38:07,059 ma_mapper INFO parse alignment
2024-05-03 02:38:27,851 ma_mapper INFO done, returning mapped bam as a list. format: bam_forward
2024-05-03 02:38:29,515 ma_mapper INFO parse alignment
2024-05-03 02:38:44,992 ma_mapper INFO done, returning mapped bam as a list. format: bam_reverse
2024-05-03 02:38:46,636 ma_mapper INFO parse alignment
2024-05-03 02:39:02,045 ma_mapper INFO done, returning mapped bam as a list. format: bam_min
2024-05-03 02:39:03,839 ma_mapper INFO parse alignment
2024-05-03 02:39:20,262 ma_mapper INFO done, returning bigwig_out as object
2024-05-03 02:39:22,036 ma_mapper INFO parse alignment
2024-05-03 02:39:27,481 ma_mapper INFO extract from bam file: /home/pc575/rds/rds-mi339-kzfps/users/pakkanan/_housekeeping/data/tfbs_homer/AP-1(bZIP).bed
2024-05-03 02:39:47,939 ma_mapper INFO done, returning bed_out as object
2024-05-03 02:39:49,703 ma_mapper INFO parse alignment
2024-05-03 02:39:54,886 ma_mapper INFO extract from bam file: /home/pc575/rds/rds-mi339-kzfps/users/pakkanan/_housekeeping/data/tfbs_homer/NFkB-p65.bed
2024-05-03 02:40:17,296 ma_mapper INFO done, returning bed_out as object
2024-05-03 02:40:19,080 ma_mapper INFO parse alignment
2024-05-03 02:40:24,231 ma_mapper INFO extract from bam file: /home/pc575/rds/rds-mi339-kzfps/users/pakkanan/_housekeeping/data/tfbs_homer/BMAL1.bed
2024-05-03 02:40:52,753 ma_mapper INFO done, returning bed_out as object
2024-05-03 02:40:54,489 ma_mapper INFO parse alignment
2024-05-03 02:40:59,637 ma_mapper INFO extract from bam file: /home/pc575/rds/rds-mi339-kzfps/users/pakkanan/_housekeeping/data/tfbs_homer/CLOCK.bed
2024-05-03 02:41:19,197 ma_mapper INFO done, returning bed_out as object
2024-05-03 04:03:14,894 ma_mapper INFO parse alignment
2024-05-03 04:03:29,698 ma_mapper INFO parse alignment
2024-05-03 04:03:50,047 ma_mapper INFO done, returning mapped bam as a list. format: bam_forward
2024-05-03 04:03:51,719 ma_mapper INFO parse alignment
2024-05-03 04:04:07,083 ma_mapper INFO done, returning mapped bam as a list. format: bam_reverse
2024-05-03 04:04:08,755 ma_mapper INFO parse alignment
2024-05-03 04:04:24,124 ma_mapper INFO done, returning mapped bam as a list. format: bam_min
2024-05-03 04:04:25,835 ma_mapper INFO parse alignment
2024-05-03 04:04:41,468 ma_mapper INFO done, returning bigwig_out as object
2024-05-03 04:04:43,331 ma_mapper INFO parse alignment
2024-05-03 04:04:49,026 ma_mapper INFO extract from bam file: /home/pc575/rds/rds-mi339-kzfps/users/pakkanan/_housekeeping/data/tfbs_homer/AP-1(bZIP).bed
2024-05-03 04:05:11,574 ma_mapper INFO done, returning bed_out as object
2024-05-03 04:05:13,387 ma_mapper INFO parse alignment
2024-05-03 04:05:18,579 ma_mapper INFO extract from bam file: /home/pc575/rds/rds-mi339-kzfps/users/pakkanan/_housekeeping/data/tfbs_homer/NFkB-p65.bed
2024-05-03 04:05:41,458 ma_mapper INFO done, returning bed_out as object
2024-05-03 04:05:43,209 ma_mapper INFO parse alignment
2024-05-03 04:05:48,333 ma_mapper INFO extract from bam file: /home/pc575/rds/rds-mi339-kzfps/users/pakkanan/_housekeeping/data/tfbs_homer/BMAL1.bed
2024-05-03 04:06:17,025 ma_mapper INFO done, returning bed_out as object
2024-05-03 04:06:18,771 ma_mapper INFO parse alignment
2024-05-03 04:06:23,935 ma_mapper INFO extract from bam file: /home/pc575/rds/rds-mi339-kzfps/users/pakkanan/_housekeeping/data/tfbs_homer/CLOCK.bed
2024-05-03 04:06:45,469 ma_mapper INFO done, returning bed_out as object
2024-05-03 04:17:43,383 ma_mapper INFO parse alignment
2024-05-03 05:56:51,377 ma_mapper INFO parse alignment
2024-05-03 05:57:05,206 ma_mapper INFO done, returning bigwig_out as object
2024-05-03 06:15:16,298 ma_mapper INFO parse alignment
2024-05-03 06:15:30,320 ma_mapper INFO parse alignment
2024-05-03 06:15:51,209 ma_mapper INFO done, returning mapped bam as a list. format: bam_forward
2024-05-03 06:15:52,856 ma_mapper INFO parse alignment
2024-05-03 06:16:08,222 ma_mapper INFO done, returning mapped bam as a list. format: bam_reverse
2024-05-03 06:16:09,895 ma_mapper INFO parse alignment
2024-05-03 06:16:25,305 ma_mapper INFO done, returning mapped bam as a list. format: bam_min
2024-05-03 06:16:27,021 ma_mapper INFO parse alignment
2024-05-03 06:16:43,794 ma_mapper INFO done, returning bigwig_out as object
2024-05-03 06:16:45,588 ma_mapper INFO parse alignment
2024-05-03 06:16:51,399 ma_mapper INFO extract from bam file: /home/pc575/rds/rds-mi339-kzfps/users/pakkanan/_housekeeping/data/tfbs_homer/AP-1(bZIP).bed
2024-05-03 06:17:13,545 ma_mapper INFO done, returning bed_out as object
2024-05-03 06:17:15,356 ma_mapper INFO parse alignment
2024-05-03 06:17:20,531 ma_mapper INFO extract from bam file: /home/pc575/rds/rds-mi339-kzfps/users/pakkanan/_housekeeping/data/tfbs_homer/NFkB-p65.bed
2024-05-03 06:17:42,268 ma_mapper INFO done, returning bed_out as object
2024-05-03 06:17:44,010 ma_mapper INFO parse alignment
2024-05-03 06:17:49,169 ma_mapper INFO extract from bam file: /home/pc575/rds/rds-mi339-kzfps/users/pakkanan/_housekeeping/data/tfbs_homer/BMAL1.bed
2024-05-03 06:18:18,819 ma_mapper INFO done, returning bed_out as object
2024-05-03 06:18:20,591 ma_mapper INFO parse alignment
2024-05-03 06:18:25,809 ma_mapper INFO extract from bam file: /home/pc575/rds/rds-mi339-kzfps/users/pakkanan/_housekeeping/data/tfbs_homer/CLOCK.bed
2024-05-03 06:18:46,542 ma_mapper INFO done, returning bed_out as object
2024-05-03 06:33:15,174 ma_mapper INFO parse alignment
2024-05-03 06:33:29,179 ma_mapper INFO done, returning bigwig_out as object
2024-05-03 08:14:46,064 ma_mapper INFO parse alignment
2024-05-03 08:15:00,500 ma_mapper INFO done, returning bigwig_out as object
2024-05-03 08:30:43,863 ma_mapper INFO parse alignment
2024-05-03 08:30:58,762 ma_mapper INFO parse alignment
2024-05-03 08:31:18,717 ma_mapper INFO done, returning mapped bam as a list. format: bam_forward
2024-05-03 08:31:20,338 ma_mapper INFO parse alignment
2024-05-03 08:31:35,736 ma_mapper INFO done, returning mapped bam as a list. format: bam_reverse
2024-05-03 08:31:37,388 ma_mapper INFO parse alignment
2024-05-03 08:31:52,734 ma_mapper INFO done, returning mapped bam as a list. format: bam_min
2024-05-03 08:31:54,470 ma_mapper INFO parse alignment
2024-05-03 08:32:11,072 ma_mapper INFO done, returning bigwig_out as object
2024-05-03 08:32:12,850 ma_mapper INFO parse alignment
2024-05-03 08:32:18,554 ma_mapper INFO extract from bam file: /home/pc575/rds/rds-mi339-kzfps/users/pakkanan/_housekeeping/data/tfbs_homer/AP-1(bZIP).bed
2024-05-03 08:32:41,814 ma_mapper INFO done, returning bed_out as object
2024-05-03 08:32:43,651 ma_mapper INFO parse alignment
2024-05-03 08:32:48,871 ma_mapper INFO extract from bam file: /home/pc575/rds/rds-mi339-kzfps/users/pakkanan/_housekeeping/data/tfbs_homer/NFkB-p65.bed
2024-05-03 08:33:12,972 ma_mapper INFO done, returning bed_out as object
2024-05-03 08:33:14,722 ma_mapper INFO parse alignment
2024-05-03 08:33:19,900 ma_mapper INFO extract from bam file: /home/pc575/rds/rds-mi339-kzfps/users/pakkanan/_housekeeping/data/tfbs_homer/BMAL1.bed
2024-05-03 08:33:50,096 ma_mapper INFO done, returning bed_out as object
2024-05-03 08:33:51,862 ma_mapper INFO parse alignment
2024-05-03 08:33:57,007 ma_mapper INFO extract from bam file: /home/pc575/rds/rds-mi339-kzfps/users/pakkanan/_housekeeping/data/tfbs_homer/CLOCK.bed
2024-05-03 08:34:17,792 ma_mapper INFO done, returning bed_out as object
2024-05-03 08:48:11,720 ma_mapper INFO parse alignment
2024-05-03 08:48:25,658 ma_mapper INFO done, returning bigwig_out as object
2024-05-03 09:01:09,102 ma_mapper INFO parse alignment
2024-05-03 09:01:21,753 ma_mapper INFO parse alignment
2024-05-03 09:01:36,941 ma_mapper INFO done, returning mapped bam as a list. format: bam_forward
2024-05-03 09:01:38,627 ma_mapper INFO parse alignment
2024-05-03 09:01:53,901 ma_mapper INFO done, returning mapped bam as a list. format: bam_reverse
2024-05-03 09:01:55,556 ma_mapper INFO parse alignment
2024-05-03 09:02:10,800 ma_mapper INFO done, returning mapped bam as a list. format: bam_min
2024-05-03 09:02:12,687 ma_mapper INFO parse alignment
2024-05-03 09:02:20,532 ma_mapper INFO parse alignment
2024-05-09 16:35:44,268 ma_mapper INFO parse alignment
2024-05-09 16:35:58,753 ma_mapper INFO parse alignment
2024-05-09 16:36:15,254 ma_mapper INFO done, returning bigwig_out as object
2024-05-09 17:00:13,629 ma_mapper INFO parse alignment
2024-05-09 17:00:30,001 ma_mapper INFO parse alignment
2024-05-09 17:00:43,459 ma_mapper INFO done, returning bigwig_out as object
2024-05-09 19:35:16,226 ma_mapper INFO parse alignment
2024-05-09 19:35:28,885 ma_mapper INFO parse alignment
2024-05-09 19:37:34,237 ma_mapper INFO parse alignment
2024-05-09 19:37:46,505 ma_mapper INFO parse alignment
2024-05-09 19:38:33,208 ma_mapper INFO parse alignment
2024-05-09 19:38:45,434 ma_mapper INFO parse alignment
