2025-03-03 20:37:30,966 ma_mapper INFO parse alignment
2025-03-03 20:41:56,716 ma_mapper INFO parse alignment
2025-03-03 20:42:01,089 ma_mapper INFO extract from bed file: /rds/project/rds-XrHDlpCeVDg/users/pakkanan/data/resource/annotation/homer_known_motif_hg38/AP-1(bZIP).bed
2025-03-03 20:42:23,381 ma_mapper INFO done, returning bed_out as object
2025-03-03 20:46:13,114 ma_mapper INFO parse alignment
2025-03-03 20:46:17,284 ma_mapper INFO extract from bed file: /rds/project/rds-XrHDlpCeVDg/users/pakkanan/data/resource/annotation/homer_known_motif_hg38/AP-1(bZIP).bed
2025-03-03 20:46:39,809 ma_mapper INFO done, returning bed_out as object
2025-03-03 20:46:55,638 ma_mapper INFO parse alignment
2025-03-03 20:46:59,977 ma_mapper INFO extract from bed file: /rds/project/rds-XrHDlpCeVDg/users/pakkanan/data/resource/annotation/homer_known_motif_hg38/AP-1(bZIP).bed
2025-03-03 20:47:23,641 ma_mapper INFO done, returning bed_out as object
2025-03-03 20:47:23,815 ma_mapper INFO {<class 'numpy.float64'>}
2025-03-03 20:47:23,815 ma_mapper INFO nested_data:False
2025-03-03 20:47:24,185 ma_mapper INFO parse alignment
2025-03-03 20:47:28,453 ma_mapper INFO extract from bed file: /rds/project/rds-XrHDlpCeVDg/users/pakkanan/data/resource/annotation/homer_known_motif_hg38/NFkB-p65(RHD).bed
2025-03-03 20:47:53,399 ma_mapper INFO done, returning bed_out as object
2025-03-03 20:47:53,570 ma_mapper INFO {<class 'numpy.float64'>}
2025-03-03 20:47:53,571 ma_mapper INFO nested_data:False
2025-03-03 20:47:53,938 ma_mapper INFO parse alignment
2025-03-03 20:52:26,352 ma_mapper INFO parse alignment
2025-03-03 20:52:30,959 ma_mapper INFO extract from bed file: /rds/project/rds-XrHDlpCeVDg/users/pakkanan/data/resource/annotation/homer_known_motif_hg38/AP-1(bZIP).bed
2025-03-03 20:52:54,727 ma_mapper INFO done, returning bed_out as object
2025-03-03 20:52:54,895 ma_mapper INFO {<class 'numpy.float64'>}
2025-03-03 20:52:54,896 ma_mapper INFO nested_data:False
2025-03-03 20:52:55,281 ma_mapper INFO parse alignment
2025-03-03 20:52:59,520 ma_mapper INFO extract from bed file: /rds/project/rds-XrHDlpCeVDg/users/pakkanan/data/resource/annotation/homer_known_motif_hg38/NFkB-p65(RHD).bed
2025-03-03 20:53:23,883 ma_mapper INFO done, returning bed_out as object
2025-03-03 20:53:24,052 ma_mapper INFO {<class 'numpy.float64'>}
2025-03-03 20:53:24,052 ma_mapper INFO nested_data:False
2025-03-03 20:53:24,426 ma_mapper INFO parse alignment
2025-03-03 20:56:01,572 ma_mapper INFO done, returning bigwig_out as object
2025-03-03 20:56:01,739 ma_mapper INFO {<class 'numpy.float32'>}
2025-03-03 20:56:01,740 ma_mapper INFO nested_data:False
2025-03-03 20:56:36,381 ma_mapper INFO parse alignment
2025-03-03 21:30:28,242 ma_mapper INFO parse alignment
2025-03-03 21:30:49,906 ma_mapper INFO extract from bed file: /rds/project/rds-XrHDlpCeVDg/users/pakkanan/data/resource/annotation/homer_known_motif_hg38/AP-1(bZIP).bed
2025-03-03 21:31:13,669 ma_mapper INFO done, returning bed_out as object
2025-03-03 21:31:13,832 ma_mapper INFO {<class 'numpy.float64'>}
2025-03-03 21:31:13,833 ma_mapper INFO nested_data:False
2025-03-03 21:37:05,173 ma_mapper INFO parse alignment
2025-03-03 21:37:10,726 ma_mapper INFO extract from bed file: /rds/project/rds-XrHDlpCeVDg/users/pakkanan/data/resource/annotation/homer_known_motif_hg38/AP-1(bZIP).bed
2025-03-03 21:37:34,943 ma_mapper INFO done, returning bed_out as object
2025-03-03 21:38:32,604 ma_mapper INFO {<class 'numpy.float64'>}
2025-03-03 21:38:32,605 ma_mapper INFO nested_data:False
2025-03-03 21:38:56,099 ma_mapper INFO {<class 'numpy.float64'>}
2025-03-03 21:38:56,099 ma_mapper INFO nested_data:False
2025-03-03 21:39:02,525 ma_mapper INFO parse alignment
2025-03-03 21:41:42,830 ma_mapper INFO done, returning bigwig_out as object
2025-03-03 21:41:43,027 ma_mapper INFO {<class 'numpy.float32'>}
2025-03-03 21:41:43,028 ma_mapper INFO nested_data:False
2025-03-03 21:41:57,472 ma_mapper INFO parse alignment
2025-03-03 21:43:33,975 ma_mapper INFO done, returning bigwig_out as object
2025-03-03 21:43:34,166 ma_mapper INFO {<class 'numpy.float32'>}
2025-03-03 21:43:34,167 ma_mapper INFO nested_data:False
2025-03-03 21:43:40,832 ma_mapper INFO done, returning bigwig_out as object
2025-03-03 21:43:46,676 ma_mapper INFO done, returning bigwig_out as object
2025-03-03 21:49:50,561 ma_mapper INFO parse alignment
2025-03-03 21:52:17,194 ma_mapper INFO parse alignment
2025-03-03 21:52:32,236 ma_mapper INFO extract from bed file: /rds/project/rds-XrHDlpCeVDg/users/pakkanan/data/resource/annotation/homer_known_motif_hg38/AP-1(bZIP).bed
2025-03-03 21:52:57,004 ma_mapper INFO done, returning bed_out as object
2025-03-03 21:52:57,183 ma_mapper INFO {<class 'numpy.float64'>}
2025-03-03 21:52:57,184 ma_mapper INFO nested_data:False
2025-03-03 21:52:57,908 ma_mapper INFO parse alignment
2025-03-03 21:58:06,050 ma_mapper INFO parse alignment
2025-03-03 21:58:21,743 ma_mapper INFO extract from bed file: /rds/project/rds-XrHDlpCeVDg/users/pakkanan/data/resource/annotation/homer_known_motif_hg38/AP-1(bZIP).bed
2025-03-03 21:58:43,807 ma_mapper INFO done, returning bed_out as object
2025-03-03 21:58:43,974 ma_mapper INFO {<class 'numpy.float64'>}
2025-03-03 21:58:43,974 ma_mapper INFO nested_data:False
2025-03-03 21:58:44,346 ma_mapper INFO parse alignment
2025-03-03 21:58:48,680 ma_mapper INFO extract from bed file: /rds/project/rds-XrHDlpCeVDg/users/pakkanan/data/resource/annotation/homer_known_motif_hg38/NFkB-p65(RHD).bed
2025-03-03 21:59:13,676 ma_mapper INFO done, returning bed_out as object
2025-03-03 21:59:13,845 ma_mapper INFO {<class 'numpy.float64'>}
2025-03-03 21:59:13,846 ma_mapper INFO nested_data:False
2025-03-03 21:59:34,910 ma_mapper INFO parse alignment
2025-03-03 22:04:41,358 ma_mapper INFO parse alignment
2025-03-03 22:09:34,658 ma_mapper INFO parse alignment
2025-03-03 22:13:08,033 ma_mapper INFO done, returning bigwig_out as object
2025-03-03 22:13:09,090 ma_mapper INFO {<class 'numpy.float32'>}
2025-03-03 22:13:09,163 ma_mapper INFO nested_data:False
2025-03-03 22:31:29,859 ma_mapper INFO parse alignment
2025-03-03 22:31:41,780 ma_mapper INFO extract from bed file: /rds/project/rds-XrHDlpCeVDg/users/pakkanan/data/resource/annotation/homer_known_motif_hg38/AP-1(bZIP).bed
2025-03-03 22:32:05,031 ma_mapper INFO done, returning bed_out as object
2025-03-03 22:32:05,034 ma_mapper INFO extract from bed file: /rds/project/rds-XrHDlpCeVDg/users/pakkanan/data/resource/annotation/homer_known_motif_hg38/AP-1(bZIP).bed
2025-03-03 22:32:32,128 ma_mapper INFO done, returning bed_out as object
2025-03-03 22:35:13,864 ma_mapper INFO done, returning bigwig_out as object
2025-03-03 22:47:18,780 ma_mapper INFO parse alignment
2025-03-03 22:47:24,811 ma_mapper INFO extract from bed file: /rds/project/rds-XrHDlpCeVDg/users/pakkanan/data/resource/annotation/homer_known_motif_hg38/AP-1(bZIP).bed
2025-03-03 22:47:47,965 ma_mapper INFO done, returning bed_out as object
2025-03-03 22:47:47,975 ma_mapper INFO extract from bed file: /rds/project/rds-XrHDlpCeVDg/users/pakkanan/data/resource/annotation/homer_known_motif_hg38/AP-1(bZIP).bed
2025-03-03 22:48:17,138 ma_mapper INFO done, returning bed_out as object
2025-03-03 22:49:27,993 ma_mapper INFO done, returning bigwig_out as object
2025-03-03 22:53:12,357 ma_mapper INFO parse alignment
2025-03-03 22:54:13,826 ma_mapper INFO extract from bed file: /rds/project/rds-XrHDlpCeVDg/users/pakkanan/data/resource/annotation/homer_known_motif_hg38/AP-1(bZIP).bed
2025-03-03 22:54:37,301 ma_mapper INFO done, returning bed_out as object
2025-03-03 22:54:37,305 ma_mapper INFO extract from bed file: /rds/project/rds-XrHDlpCeVDg/users/pakkanan/data/resource/annotation/homer_known_motif_hg38/AP-1(bZIP).bed
2025-03-03 22:55:03,722 ma_mapper INFO done, returning bed_out as object
2025-03-03 22:55:06,401 ma_mapper INFO done, returning bigwig_out as object
2025-03-03 22:56:17,555 ma_mapper INFO done, returning mapped bam as a list. format: read_forward
2025-03-03 22:56:21,581 ma_mapper INFO done, returning mapped bam as a list. format: read_reverse
2025-03-03 22:56:25,636 ma_mapper INFO done, returning mapped bam as a list. format: read_sum
2025-03-03 22:56:29,650 ma_mapper INFO done, returning mapped bam as a list. format: normal_forward
2025-03-03 22:56:29,885 ma_mapper INFO extract from maf target: /rds/project/rds-XrHDlpCeVDg/users/pakkanan/data/resource/multi_species_multiple_alignment_maf/cactus447
2025-03-03 23:11:30,118 ma_mapper INFO extract from maf target: /rds/project/rds-XrHDlpCeVDg/users/pakkanan/data/resource/multi_species_multiple_alignment_maf/cactus447
2025-03-03 23:12:47,864 ma_mapper INFO parse alignment
2025-03-03 23:12:53,198 ma_mapper INFO extract from bed file: /rds/project/rds-XrHDlpCeVDg/users/pakkanan/data/resource/annotation/homer_known_motif_hg38/AP-1(bZIP).bed
2025-03-03 23:13:22,364 ma_mapper INFO done, returning bed_out as object
2025-03-03 23:13:22,374 ma_mapper INFO extract from bed file: /rds/project/rds-XrHDlpCeVDg/users/pakkanan/data/resource/annotation/homer_known_motif_hg38/AP-1(bZIP).bed
2025-03-03 23:13:52,341 ma_mapper INFO done, returning bed_out as object
2025-03-03 23:16:35,498 ma_mapper INFO done, returning bigwig_out as object
2025-03-03 23:17:28,017 ma_mapper INFO done, returning mapped bam as a list. format: read_forward
2025-03-03 23:17:32,113 ma_mapper INFO done, returning mapped bam as a list. format: read_reverse
2025-03-03 23:17:36,248 ma_mapper INFO done, returning mapped bam as a list. format: read_sum
2025-03-03 23:17:40,333 ma_mapper INFO done, returning mapped bam as a list. format: normal_forward
2025-03-03 23:17:40,594 ma_mapper INFO extract from maf target: /rds/project/rds-XrHDlpCeVDg/users/pakkanan/data/resource/multi_species_multiple_alignment_maf/cactus447
2025-03-03 23:47:00,528 ma_mapper INFO done, returning vcf_out as object
