2025-03-19 06:39:13,578 ma_mapper INFO parse alignment
2025-03-19 06:39:20,293 ma_mapper INFO extract from bed file: /rds/project/rds-XrHDlpCeVDg/users/pakkanan/data/resource/annotation/homer_known_motif_hg38/AP-1(bZIP).bed
2025-03-19 06:39:52,420 ma_mapper INFO done, returning bed_out as object
2025-03-19 06:39:52,678 ma_mapper INFO {<class 'numpy.float64'>}
2025-03-19 06:39:52,679 ma_mapper INFO nested_data:False
2025-03-19 06:40:50,430 ma_mapper INFO parse alignment
2025-03-19 06:48:34,974 ma_mapper INFO parse alignment
2025-03-19 06:48:41,666 ma_mapper INFO extract from bed file: /rds/project/rds-XrHDlpCeVDg/users/pakkanan/data/resource/annotation/homer_known_motif_hg38/AP-1(bZIP).bed
2025-03-19 06:49:14,391 ma_mapper INFO done, returning bed_out as object
2025-03-19 06:49:14,646 ma_mapper INFO {<class 'numpy.float64'>}
2025-03-19 06:49:14,646 ma_mapper INFO nested_data:False
2025-03-19 06:49:15,120 ma_mapper INFO parse alignment
2025-03-19 06:49:20,846 ma_mapper INFO extract from bed file: /rds/project/rds-XrHDlpCeVDg/users/pakkanan/data/resource/annotation/homer_known_motif_hg38/NFkB-p65(RHD).bed
2025-03-19 06:49:54,572 ma_mapper INFO done, returning bed_out as object
2025-03-19 06:49:54,828 ma_mapper INFO {<class 'numpy.float64'>}
2025-03-19 06:49:54,828 ma_mapper INFO nested_data:False
2025-03-19 06:53:05,526 ma_mapper INFO parse alignment
2025-03-19 06:57:49,497 ma_mapper INFO parse alignment
2025-03-19 06:57:58,008 ma_mapper INFO done, returning bigwig_out as object
2025-03-19 06:57:58,264 ma_mapper INFO {<class 'numpy.float32'>}
2025-03-19 06:57:58,264 ma_mapper INFO nested_data:False
2025-03-19 07:06:38,324 ma_mapper INFO parse alignment
2025-03-19 07:06:45,142 ma_mapper INFO extract from bed file: /rds/project/rds-XrHDlpCeVDg/users/pakkanan/data/resource/annotation/homer_known_motif_hg38/AP-1(bZIP).bed
2025-03-19 07:07:15,469 ma_mapper INFO done, returning bed_out as object
2025-03-19 07:07:15,720 ma_mapper INFO {<class 'numpy.float64'>}
2025-03-19 07:07:15,721 ma_mapper INFO nested_data:False
2025-03-19 07:07:16,187 ma_mapper INFO parse alignment
2025-03-19 07:07:21,669 ma_mapper INFO extract from bed file: /rds/project/rds-XrHDlpCeVDg/users/pakkanan/data/resource/annotation/homer_known_motif_hg38/NFkB-p65(RHD).bed
2025-03-19 07:07:52,513 ma_mapper INFO done, returning bed_out as object
2025-03-19 07:07:52,763 ma_mapper INFO {<class 'numpy.float64'>}
2025-03-19 07:07:52,764 ma_mapper INFO nested_data:False
2025-03-19 07:07:53,243 ma_mapper INFO parse alignment
2025-03-19 07:08:01,752 ma_mapper INFO done, returning bigwig_out as object
2025-03-19 07:08:02,009 ma_mapper INFO {<class 'numpy.float32'>}
2025-03-19 07:08:02,010 ma_mapper INFO nested_data:False
2025-03-19 07:11:01,709 ma_mapper INFO parse alignment
2025-03-19 07:44:44,305 ma_mapper INFO parse alignment
2025-03-19 07:46:34,303 ma_mapper INFO extract from bed file: /rds/project/rds-XrHDlpCeVDg/users/pakkanan/data/resource/annotation/homer_known_motif_hg38/AP-1(bZIP).bed
2025-03-19 07:47:06,144 ma_mapper INFO done, returning bed_out as object
2025-03-19 07:47:22,152 ma_mapper INFO extract from bed file: /rds/project/rds-XrHDlpCeVDg/users/pakkanan/data/resource/annotation/homer_known_motif_hg38/AP-1(bZIP).bed
2025-03-19 07:48:01,054 ma_mapper INFO done, returning bed_out as object
2025-03-19 07:49:53,705 ma_mapper INFO done, returning bigwig_out as object
2025-03-19 07:51:48,451 ma_mapper INFO done, returning mapped bam as a list. format: read_forward
2025-03-19 07:51:53,889 ma_mapper INFO done, returning mapped bam as a list. format: read_reverse
2025-03-19 07:51:59,401 ma_mapper INFO done, returning mapped bam as a list. format: read_sum
2025-03-19 07:52:06,294 ma_mapper INFO done, returning mapped bam as a list. format: normal_forward
2025-03-19 07:56:14,270 ma_mapper INFO extract from maf target: /rds/project/rds-XrHDlpCeVDg/users/pakkanan/data/resource/multi_species_multiple_alignment_maf/cactus447
2025-03-19 07:57:18,760 ma_mapper INFO extract from maf target: /rds/project/rds-XrHDlpCeVDg/users/pakkanan/data/resource/multi_species_multiple_alignment_maf/cactus447/
2025-03-19 08:09:32,531 ma_mapper INFO done, returning vcf_out as object
2025-03-29 21:50:31,363 ma_mapper INFO parse alignment
2025-03-29 22:48:58,210 ma_mapper INFO parse alignment
